<?xml version="1.0" encoding="UTF-8"?>
<!-- Generated by org.testng.reporters.JUnitXMLReporter -->
<testsuite hostname="BLRKEC408351D" ignored="1" name="Default test" tests="1" failures="0" timestamp="17 Feb 2017 07:10:54 GMT" time="0.094" errors="0">
  <testcase name="test" time="0.016" classname="com.maven.project.TestProject.TestExample"/>
  <testcase name="testMethod" time="0.0" classname="com.maven.project.TestProject.TestExample">
    <ignored/>
  </testcase> <!-- testMethod -->
</testsuite> <!-- Default test -->
