<?xml version="1.0" encoding="UTF-8"?>
<!-- Generated by org.testng.reporters.JUnitXMLReporter -->
<testsuite hostname="BLRKEC408351D" ignored="0" name="Test" tests="1" failures="1" timestamp="17 Feb 2017 08:45:50 GMT" time="0.443" errors="0">
  <testcase name="testMethod" time="0.0" classname="com.maven.project.TestProject.TestExample">
    <failure type="org.testng.TestNGException" message="
Parameter &amp;apos;Env&amp;apos; is required by @Test on method testMethod but has not been marked @Optional or defined
in C:\Users\jatin.gangwani\workspace\Jenkins\testng.xml">
      <![CDATA[org.testng.TestNGException: 
Parameter 'Env' is required by @Test on method testMethod but has not been marked @Optional or defined
in C:\Users\jatin.gangwani\workspace\Jenkins\testng.xml
... Removed 23 stack frames]]>
    </failure>
  </testcase> <!-- testMethod -->
</testsuite> <!-- Test -->
