<?xml version="1.0" encoding="UTF-8"?>
<testng-results skipped="0" failed="1" ignored="0" total="1" passed="0">
  <reporter-output>
  </reporter-output>
  <suite name="Suite" duration-ms="443" started-at="2017-02-17T08:45:50Z" finished-at="2017-02-17T08:45:50Z">
    <groups>
    </groups>
    <test name="Test" duration-ms="443" started-at="2017-02-17T08:45:50Z" finished-at="2017-02-17T08:45:50Z">
      <class name="com.maven.project.TestProject.TestExample">
        <test-method status="FAIL" signature="testMethod(java.lang.String)[pri:0, instance:com.maven.project.TestProject.TestExample@3c756e4d]" name="testMethod" duration-ms="0" started-at="2017-02-17T14:15:50Z" finished-at="2017-02-17T14:15:50Z">
          <exception class="org.testng.TestNGException">
            <message>
              <![CDATA[
Parameter 'Env' is required by @Test on method testMethod but has not been marked @Optional or defined
in C:\Users\jatin.gangwani\workspace\Jenkins\testng.xml]]>
            </message>
            <full-stacktrace>
              <![CDATA[org.testng.TestNGException: 
Parameter 'Env' is required by @Test on method testMethod but has not been marked @Optional or defined
in C:\Users\jatin.gangwani\workspace\Jenkins\testng.xml
	at org.testng.internal.Parameters.createParameters(Parameters.java:199)
	at org.testng.internal.Parameters.createParameters(Parameters.java:443)
	at org.testng.internal.Parameters.handleParameters(Parameters.java:568)
	at org.testng.internal.Invoker.handleParameters(Invoker.java:1293)
	at org.testng.internal.Invoker.createParameters(Invoker.java:1020)
	at org.testng.internal.Invoker.invokeTestMethods(Invoker.java:1110)
	at org.testng.internal.TestMethodWorker.invokeTestMethods(TestMethodWorker.java:129)
	at org.testng.internal.TestMethodWorker.run(TestMethodWorker.java:112)
	at org.testng.TestRunner.privateRun(TestRunner.java:756)
	at org.testng.TestRunner.run(TestRunner.java:610)
	at org.testng.SuiteRunner.runTest(SuiteRunner.java:387)
	at org.testng.SuiteRunner.runSequentially(SuiteRunner.java:382)
	at org.testng.SuiteRunner.privateRun(SuiteRunner.java:340)
	at org.testng.SuiteRunner.run(SuiteRunner.java:289)
	at org.testng.SuiteRunnerWorker.runSuite(SuiteRunnerWorker.java:52)
	at org.testng.SuiteRunnerWorker.run(SuiteRunnerWorker.java:86)
	at org.testng.TestNG.runSuitesSequentially(TestNG.java:1293)
	at org.testng.TestNG.runSuitesLocally(TestNG.java:1218)
	at org.testng.TestNG.runSuites(TestNG.java:1133)
	at org.testng.TestNG.run(TestNG.java:1104)
	at org.testng.remote.AbstractRemoteTestNG.run(AbstractRemoteTestNG.java:132)
	at org.testng.remote.RemoteTestNG.initAndRun(RemoteTestNG.java:236)
	at org.testng.remote.RemoteTestNG.main(RemoteTestNG.java:81)
]]>
            </full-stacktrace>
          </exception> <!-- org.testng.TestNGException -->
          <reporter-output>
          </reporter-output>
        </test-method> <!-- testMethod -->
      </class> <!-- com.maven.project.TestProject.TestExample -->
    </test> <!-- Test -->
  </suite> <!-- Suite -->
</testng-results>
